<?xml version="1.0" encoding="UTF-8"?>
<testng-results ignored="0" total="1" passed="1" failed="0" skipped="0">
  <reporter-output>
  </reporter-output>
  <suite started-at="2023-07-18T11:04:31 IST" name="Default suite" finished-at="2023-07-18T11:07:24 IST" duration-ms="173238">
    <groups>
    </groups>
    <test started-at="2023-07-18T11:04:31 IST" name="Default test" finished-at="2023-07-18T11:07:24 IST" duration-ms="173238">
      <class name="script.AddProducttoCartbyStoreWLogin">
        <test-method is-config="true" signature="createReport()[pri:0, instance:script.AddProducttoCartbyStoreWLogin@5fe94a96]" started-at="2023-07-18T11:04:31 IST" name="createReport" finished-at="2023-07-18T11:04:31 IST" duration-ms="196" status="PASS">
          <reporter-output>
          </reporter-output>
        </test-method> <!-- createReport -->
        <test-method is-config="true" signature="openApp(java.lang.reflect.Method,java.lang.String)[pri:0, instance:script.AddProducttoCartbyStoreWLogin@5fe94a96]" started-at="2023-07-18T11:04:31 IST" name="openApp" finished-at="2023-07-18T11:04:48 IST" duration-ms="17326" status="PASS">
          <params>
            <param index="0">
              <value>
                <![CDATA[public void script.AddProducttoCartbyStoreWLogin.AddProductToCartByStoreWithLogin() throws java.lang.Throwable]]>
              </value>
            </param>
            <param index="1">
              <value>
                <![CDATA[stage.properties]]>
              </value>
            </param>
          </params>
          <reporter-output>
          </reporter-output>
        </test-method> <!-- openApp -->
        <test-method signature="AddProductToCartByStoreWithLogin()[pri:13, instance:script.AddProducttoCartbyStoreWLogin@5fe94a96]" started-at="2023-07-18T11:04:48 IST" name="AddProductToCartByStoreWithLogin" finished-at="2023-07-18T11:07:24 IST" duration-ms="155385" status="PASS">
          <reporter-output>
          </reporter-output>
        </test-method> <!-- AddProductToCartByStoreWithLogin -->
        <test-method is-config="true" signature="closeApp(org.testng.ITestResult)[pri:0, instance:script.AddProducttoCartbyStoreWLogin@5fe94a96]" started-at="2023-07-18T11:07:24 IST" name="closeApp" finished-at="2023-07-18T11:07:24 IST" duration-ms="497" status="PASS">
          <params>
            <param index="0">
              <value>
                <![CDATA[[TestResult name=AddProductToCartByStoreWithLogin status=SUCCESS method=AddProducttoCartbyStoreWLogin.AddProductToCartByStoreWithLogin()[pri:13, instance:script.AddProducttoCartbyStoreWLogin@5fe94a96] output={null}]]]>
              </value>
            </param>
          </params>
          <reporter-output>
          </reporter-output>
        </test-method> <!-- closeApp -->
        <test-method is-config="true" signature="publishReport()[pri:0, instance:script.AddProducttoCartbyStoreWLogin@5fe94a96]" started-at="2023-07-18T11:07:24 IST" name="publishReport" finished-at="2023-07-18T11:07:25 IST" duration-ms="707" status="PASS">
          <reporter-output>
          </reporter-output>
        </test-method> <!-- publishReport -->
      </class> <!-- script.AddProducttoCartbyStoreWLogin -->
    </test> <!-- Default test -->
  </suite> <!-- Default suite -->
</testng-results>
